


ARM Macro Assembler    Page 1 


    1 00000000         
    2 00000000                 AREA             MyBinFile1_Section, DATA, READO
NLY
    3 00000000                 EXPORT           MyBinaryImage1
    4 00000000         
    5 00000000         ; Includes the binary file MyBinFile1.bin from the curre
                       nt source folder 
    6 00000000         MyBinaryImage1
    7 00000000 00 01 02 
              03 04 05 
              06 07 08 
              09 0A 0B 
              0C 0D 0E 
              0F 10 11 
              12 13 14 
              15 16 17 
              18 19 1A 
              1B 1C 1D 
              1E 1F 20 
              21 22 23 
              24 25 26 
              27 28 29 
              2A 2B 2C 
              2D 2E 2F 
              30 31 32 
              33 34 35 
              36 37 38 
              39 3A 3B 
              3C 3D 3E 
              3F 40 41 
              42 43 44 
              45 46 47 
              48 49 4A 
              4B 4C 4D 
              4E 4F 50 
              51 52 53 
              54 55 56 
              57 58 59 
              5A 5B 5C 
              5D 5E 5F 
              60 61 62 
              63 64 65 
              66 67 68 
              69 6A 6B 
              6C 6D 6E 
              6F 70 71 
              72 73 74 
              75 76 77 
              78 79 7A 
              7B 7C 7D 
              7E 7F 80 
              81 82 83 
              84 85 86 
              87 88 89 
              8A 8B 8C 
              8D 8E 8F 
              90 91 92 
              93 94 95 
              96 97 98 



ARM Macro Assembler    Page 2 


              99 9A 9B 
              9C 9D 9E 
              9F A0 A1 
              A2 A3 A4 
              A5 A6 A7 
              A8 A9 AA 
              AB AC AD 
              AE AF B0 
              B1 B2 B3 
              B4 B5 B6 
              B7 B8 B9 
              BA BB BC 
              BD BE BF 
              C0 C1 C2 
              C3 C4 C5 
              C6 C7 C8 
              C9 CA CB 
              CC CD CE 
              CF D0 D1 
              D2 D3 D4 
              D5 D6 D7 
              D8 D9 DA 
              DB DC DD 
              DE DF E0 
              E1 E2 E3 
              E4 E5 E6 
              E7 E8 E9 
              EA EB EC 
              ED EE EF 
              F0 F1 F2 
              F3 F4 F5 
              F6 F7 F8 
              F9 FA FB 
              FC FD FE 
              FF 00 01 
              02 03 04 
              05 06 07 
              08 09 0A 
              0B 0C 0D 
              0E 0F 10 
              11 12 13 
              14 15 16 
              17 18 19 
              1A 1B 1C 
              1D 1E 1F 
              20 21 22 
              23 24 25 
              26 27 28 
              29 2A 2B 
              2C 2D 2E 
              2F 30 31 
              32 33 34 
              35 36 37 
              38 39 3A 
              3B 3C 3D 
              3E 3F 40 
              41 42 43 
              44 45 46 
              47 48 49 



ARM Macro Assembler    Page 3 


              4A 4B 4C 
              4D 4E 4F 
              50 51 52 
              53 54 55 
              56 57 58 
              59 5A 5B 
              5C 5D 5E 
              5F 60 61 
              62 63 64 
              65 66 67 
              68 69 6A 
              6B 6C 6D 
              6E 6F 70 
              71 72 73 
              74 75 76 
              77 78 79 
              7A 7B 7C 
              7D 7E 7F 
              80 81 82 
              83 84 85 
              86 87 88 
              89 8A 8B 
              8C 8D 8E 
              8F 90 91 
              92 93 94 
              95 96 97 
              98 99 9A 
              9B 9C 9D 
              9E 9F A0 
              A1 A2 A3 
              A4 A5 A6 
              A7 A8 A9 
              AA AB AC 
              AD AE AF 
              B0 B1 B2 
              B3 B4 B5 
              B6 B7 B8 
              B9 BA BB 
              BC BD BE 
              BF C0 C1 
              C2 C3 C4 
              C5 C6 C7 
              C8 C9 CA 
              CB CC CD 
              CE CF D0 
              D1 D2 D3 
              D4 D5 D6 
              D7 D8 D9 
              DA DB DC 
              DD DE DF 
              E0 E1 E2 
              E3 E4 E5 
              E6 E7 E8 
              E9 EA EB 
              EC ED EE 
              EF F0 F1 
              F2 F3 F4 
              F5 F6 F7 
              F8 F9 FA 



ARM Macro Assembler    Page 4 


              FB FC FD 
              FE FF 00 
              01 02 03 
              04 05 06 
              07 08 09 
              0A 0B 0C 
              0D 0E 0F 
              10 11 12 
              13 14 15 
              16 17 18 
              19 1A 1B 
              1C 1D 1E 
              1F 20 21 
              22 23 24 
              25 26 27 
              28 29 2A 
              2B 2C 2D 
              2E 2F 30 
              31 32 33 
              34 35 36 
              37 38 39 
              3A 3B 3C 
              3D 3E 3F 
              40 41 42 
              43 44 45 
              46 47 48 
              49 4A 4B 
              4C 4D 4E 
              4F 50 51 
              52 53 54 
              55 56 57 
              58 59 5A 
              5B 5C 5D 
              5E 5F 60 
              61 62 63 
              64 65 66 
              67 68 69 
              6A 6B 6C 
              6D 6E 6F 
              70 71 72 
              73 74 75 
              76 77 78 
              79 7A 7B 
              7C 7D 7E 
              7F 80 81 
              82 83 84 
              85 86 87 
              88 89 8A 
              8B 8C 8D 
              8E 8F 90 
              91 92 93 
              94 95 96 
              97 98 99 
              9A 9B 9C 
              9D 9E 9F 
              A0 A1 A2 
              A3 A4 A5 
              A6 A7 A8 
              A9 AA AB 



ARM Macro Assembler    Page 5 


              AC AD AE 
              AF B0 B1 
              B2 B3 B4 
              B5 B6 B7 
              B8 B9 BA 
              BB BC BD 
              BE BF C0 
              C1 C2 C3 
              C4 C5 C6 
              C7 C8 C9 
              CA CB CC 
              CD CE CF 
              D0 D1 D2 
              D3 D4 D5 
              D6 D7 D8 
              D9 DA DB 
              DC DD DE 
              DF E0 E1 
              E2 E3 E4 
              E5 E6 E7 
              E8 E9 EA 
              EB EC ED 
              EE EF F0 
              F1 F2 F3 
              F4 F5 F6 
              F7 F8 F9 
              FA FB FC 
              FD FE FF 
              00 01 02 
              03 04 05 
              06 07 08 
              09 0A 0B 
              0C 0D 0E 
              0F 10 11 
              12 13 14 
              15 16 17 
              18 19 1A 
              1B 1C 1D 
              1E 1F 20 
              21 22 23 
              24 25 26 
              27 28 29 
              2A 2B 2C 
              2D 2E 2F 
              30 31 32 
              33 34 35 
              36 37 38 
              39 3A 3B 
              3C 3D 3E 
              3F 40 41 
              42 43 44 
              45 46 47 
              48 49 4A 
              4B 4C 4D 
              4E 4F 50 
              51 52 53 
              54 55 56 
              57 58 59 
              5A 5B 5C 



ARM Macro Assembler    Page 6 


              5D 5E 5F 
              60 61 62 
              63 64 65 
              66 67 68 
              69 6A 6B 
              6C 6D 6E 
              6F 70 71 
              72 73 74 
              75 76 77 
              78 79 7A 
              7B 7C 7D 
              7E 7F 80 
              81 82 83 
              84 85 86 
              87 88 89 
              8A 8B 8C 
              8D 8E 8F 
              90 91 92 
              93 94 95 
              96 97 98 
              99 9A 9B 
              9C 9D 9E 
              9F A0 A1 
              A2 A3 A4 
              A5 A6 A7 
              A8 A9 AA 
              AB AC AD 
              AE AF B0 
              B1 B2 B3 
              B4 B5 B6 
              B7 B8 B9 
              BA BB BC 
              BD BE BF 
              C0 C1 C2 
              C3 C4 C5 
              C6 C7 C8 
              C9 CA CB 
              CC CD CE 
              CF D0 D1 
              D2 D3 D4 
              D5 D6 D7 
              D8 D9 DA 
              DB DC DD 
              DE DF E0 
              E1 E2 E3 
              E4 E5 E6 
              E7 E8 E9 
              EA EB EC 
              ED EE EF 
              F0 F1 F2 
              F3 F4 F5 
              F6 F7 F8 
              F9 FA FB 
              FC FD FE 
              FF               INCBIN           MyBinFile1.bin
    8 00000400         MyBinaryImage1_End
    9 00000400         
   10 00000400         ; Use a relative or absolute path to other folders if ne
                       cessary



ARM Macro Assembler    Page 7 


   11 00000400         ;       INCBIN  c:\project\MyBinFile1.bin
   12 00000400         ; Add further binary files to merge them if necessary
   13 00000400         ;       INCBIN  MyBinFile2.bin
   14 00000400         
   15 00000400         ; define a constant which contains the size of the image
                        above
   16 00000400         MyBinaryImage1_length
   17 00000400 00000400        DCD              MyBinaryImage1_End - MyBinaryIm
age1
   18 00000404         
   19 00000404                 EXPORT           MyBinaryImage1_length
   20 00000404         
   21 00000404                 END
Command Line: --debug --xref --diag_suppress=9931 --cpu=Cortex-M3 --apcs=interw
ork --depend=.\objects\mybinfile1.d -o.\objects\mybinfile1.o -I.\RTE\_Cortex-M3
_Simulation -IC:\Keil_v5\ARM\PACK\ARM\CMSIS\5.6.0\CMSIS\Core\Include -IC:\Keil_
v5\ARM\PACK\ARM\CMSIS\5.6.0\Device\ARM\ARMCM3\Include --predefine="__MICROLIB S
ETA 1" --predefine="__UVISION_VERSION SETA 528" --predefine="_RTE_ SETA 1" --pr
edefine="ARMCM3 SETA 1" --list=.\listings\mybinfile1.lst MyBinFile1.s



ARM Macro Assembler    Page 1 Alphabetic symbol ordering
Relocatable symbols

MyBinFile1_Section 00000000

Symbol: MyBinFile1_Section
   Definitions
      At line 2 in file MyBinFile1.s
   Uses
      None
Comment: MyBinFile1_Section unused
MyBinaryImage1 00000000

Symbol: MyBinaryImage1
   Definitions
      At line 6 in file MyBinFile1.s
   Uses
      At line 3 in file MyBinFile1.s
      At line 17 in file MyBinFile1.s

MyBinaryImage1_End 00000400

Symbol: MyBinaryImage1_End
   Definitions
      At line 8 in file MyBinFile1.s
   Uses
      At line 17 in file MyBinFile1.s
Comment: MyBinaryImage1_End used once
MyBinaryImage1_length 00000400

Symbol: MyBinaryImage1_length
   Definitions
      At line 16 in file MyBinFile1.s
   Uses
      At line 19 in file MyBinFile1.s
Comment: MyBinaryImage1_length used once
4 symbols
338 symbols in table
