


ARM Macro Assembler    Page 1 


    1 00000000         
    2 00000000                 AREA             |.text|, CODE, READONLY, ALIGN=
2
    3 00000000         
    4 00000000                 GLOBAL           Zoom
    5 00000000                 EXTERN           airplane
    6 00000000                 EXTERN           bus
    7 00000000                 EXTERN           matriz
    8 00000000                 IMPORT           limpa_tela
    9 00000000         
   10 00000000                 THUMB                        ; Instruções do tip
                                                            o Thumb-2
   11 00000000         
   12 00000000         Zoom
   13 00000000         ;0x0000068E BD70      
   14 00000000 BD70            POP              {r4-r6,pc}
   15 00000002         ;0x00000690 545C      
   16 00000002 545C            STRB             r4,[r3,r1]
   17 00000004         ;0x00000692 E7F4      
   18 00000004 F7FF BFFE       B                0x0000067E
   19 00000008         ;0x00000694 E92D5FF0  
   20 00000008 E92D 5FF0       PUSH             {r4-r12,lr}
   21 0000000C         ;0x00000698 4605      
   22 0000000C 4605            MOV              r5,r0
   23 0000000E         ;0x0000069A 4608      
   24 0000000E 4608            MOV              r0,r1
   25 00000010         ;0x0000069C 4616      
   26 00000010 4616            MOV              r6,r2
   27 00000012         ;0x0000069E 4699      
   28 00000012 4699            MOV              r9,r3
   29 00000014         ;0x000006A0 2400      
   30 00000014 2400            MOVS             r4,#0x00
   31 00000016         ;0x000006A2 F7FFFFE1  
   32 00000016 F7FF FFFE       BL.W             limpa_tela  ;(0x00000668)
   33 0000001A         ;0x000006A6 F8DF81D4  
   34 0000001A F8DF 81D4       LDR.W            r8,[pc,#468] ; @0x0000087E
   35 0000001E         ;0x000006AA F8DFB1D8  
   36 0000001E F8DF B1D8       LDR.W            r11,[pc,#472] ; @0x00000886
   37 00000022         ;0x000006AE F108082C  
   38 00000022 F108 082C       ADD              r8,r8,#0x2C
   39 00000026         ;0x000006B2 EB050745  
   40 00000026 EB05 0745       ADD              r7,r5,r5,LSL #1
   41 0000002A F1B9 0F00 
                       0x000006B6
                               CMP              r9,#0x00    ;F1B90F00
   42 0000002E F43F AFFE 
                       0x000006BA
                               BEQ              0x000006D0  ;D009
   43 00000032         
   44 00000032 F7FF FFFE 
                       0x000006BC
                               BL.W             limpa_tela  ;(0x000005A2) ;F7FF
                                                            FF71
   45 00000036         
   46 00000036 2100    0x000006C0
                               MOVS             r1,#0x00    ;2100
   47 00000038         
   48 00000038 2000    0x000006C2
                               MOVS             r0,#0x00    ;2000



ARM Macro Assembler    Page 2 


   49 0000003A         
   50 0000003A 2880    0x000006C4
                               CMP              r0,#0x80    ;2880
   51 0000003C F4BF AFFE 
                       0x000006C6
                               BCS              0x000007B6  ;D276
   52 00000040 2980    0x000006C8
                               CMP              r1,#0x80    ;2980
   53 00000042 F4BF AFFE 
                       0x000006CA
                               BCS              0x000007B6  ;D274
   54 00000046         
   55 00000046         ;0x000006CC   CBZ           r6,0x00000734;B396
   56 00000046         ;Branch to 0x00000734 if R6 == 0;
   57 00000046 2E00            CMP              R6, #0x00
   58 00000048 F43F AFFE       BEQ              0x00000734
   59 0000004C         
   60 0000004C         
   61 0000004C F7FF BFFE 
                       0x000006CE
                               B                0x00000788  ;E05B
   62 00000050         
   63 00000050 2080    0x000006D0
                               MOVS             r0,#0x80    ;2080
   64 00000052 EBB0 1F85 
                       0x000006D2
                               CMP              r0,r5,LSL #6 ;EBB01F85
   65 00000056 F67F AFFE 
                       0x000006D6
                               BLS              0x000006DC  ;D901
   66 0000005A         
   67 0000005A F7FF FFFE 
                       0x000006D8
                               BL.W             limpa_tela  ;(0x000005A2)F7FFFF
                                                            63
   68 0000005E         
   69 0000005E 2200    0x000006DC
                               MOVS             r2,#0x00    ;2200
   70 00000060 F7FF BFFE 
                       0x000006DE
                               B                0x00000766  ;E042
   71 00000064         
   72 00000064 2100    0x000006E0
                               MOVS             r1,#0x00    ;2100
   73 00000066 F7FF BFFE 
                       0x000006E2
                               B                0x0000075E  ;E03C
   74 0000006A         
   75 0000006A 2980    0x000006E4
                               CMP              r1,#0x80    ;2980
   76 0000006C F4BF AFFE 
                       0x000006E6
                               BCS              0x0000075A  ;D238
   77 00000070 2A80    0x000006E8
                               CMP              r2,#0x80    ;2A80
   78 00000072 F4BF AFFE 
                       0x000006EA
                               BCS              0x0000075A  ;D236
   79 00000076         ;0x000006EC   CBNZ          r6,0x00000706;B95E



ARM Macro Assembler    Page 3 


   80 00000076 2E00            CMP              R6, #0x00
   81 00000078 F47F AFFE       BNE              0x00000706
   82 0000007C         
   83 0000007C F81B 0004 
                       0x000006EE
                               LDRB             r0,[r11,r4] ;F81B0004
   84 00000080 28F0    0x000006F2
                               CMP              r0,#0xF0    ;28F0
   85 00000082 F4FF AFFE 
                       0x000006F4
                               BCC              0x00000706  ;D307
   86 00000086 EB0B 0004 
                       0x000006F6
                               ADD              r0,r11,r4   ;EB0B0004
   87 0000008A 7843    0x000006FA
                               LDRB             r3,[r0,#0x01] ;7843
   88 0000008C 2BF0    0x000006FC
                               CMP              r3,#0xF0    ;2BF0
   89 0000008E F4FF AFFE 
                       0x000006FE
                               BCC              0x00000706  ;D302
   90 00000092 7880    0x00000700
                               LDRB             r0,[r0,#0x02] ;7880
   91 00000094 28F0    0x00000702
                               CMP              r0,#0xF0    ;28F0
   92 00000096 F4BF AFFE 
                       0x00000704
                               BCS              0x0000071E  ;D20B
   93 0000009A         
   94 0000009A         ;0x00000706   CBZ           r6,0x00000724;B16E
   95 0000009A 2E00            CMP              R6, #0x00
   96 0000009C F43F AFFE       BEQ              0x00000724
   97 000000A0         
   98 000000A0 485F    0x00000708
                               LDR              r0,[pc,#380] ; @0x00000888 485F
                                                            
   99 000000A2 5D03    0x0000070A
                               LDRB             r3,[r0,r4]  ;5D03
  100 000000A4 2BF0    0x0000070C
                               CMP              r3,#0xF0    ;2BF0
  101 000000A6 F4FF AFFE 
                       0x0000070E
                               BCC              0x00000724  ;D309
  102 000000AA 4420    0x00000710
                               ADD              r0,r0,r4    ;4420
  103 000000AC 7843    0x00000712
                               LDRB             r3,[r0,#0x01] ;7843
  104 000000AE 2BF0    0x00000714
                               CMP              r3,#0xF0    ;2BF0
  105 000000B0 F4FF AFFE 
                       0x00000716
                               BCC              0x00000724  ;D305
  106 000000B4 7880    0x00000718
                               LDRB             r0,[r0,#0x02] ;7880
  107 000000B6 28F0    0x0000071A
                               CMP              r0,#0xF0    ;28F0
  108 000000B8 F4FF AFFE 
                       0x0000071C
                               BCC              0x00000724  ;D302



ARM Macro Assembler    Page 4 


  109 000000BC         
  110 000000BC F04F 0900 
                       0x0000071E
                               MOV              r9,#0x00    ;F04F0900
  111 000000C0 F7FF BFFE 
                       0x00000722
                               B                0x00000728  ;E001
  112 000000C4         
  113 000000C4 F04F 0901 
                       0x00000724
                               MOV              r9,#0x01    ;F04F0901
  114 000000C8         
  115 000000C8 2300    0x00000728
                               MOVS             r3,#0x00    ;2300
  116 000000CA F7FF BFFE 
                       0x0000072A
                               B                0x00000756  ;E014
  117 000000CE         
  118 000000CE 2000    0x0000072C
                               MOVS             r0,#0x00    ;2000
  119 000000D0         
  120 000000D0 EB02 0C03 
                       0x0000072E
                               ADD              r12,r2,r3   ;EB020C03
  121 000000D4 F7FF BFFE 
                       0x00000732
                               B                0x00000750  ;E00D
  122 000000D8 F7FF BFFE 
                       0x00000734
                               B                0x00000770  ;E01C
  123 000000DC EB01 0A00 
                       0x00000736
                               ADD              r10,r1,r0   ;EB010A00
  124 000000E0 F1BA 0F80 
                       0x0000073A
                               CMP              r10,#0x80   ;F1BA0F80
  125 000000E4 F4BF AFFE 
                       0x0000073E
                               BCS              0x0000074E  ;D206
  126 000000E8 F1BC 0F80 
                       0x00000740
                               CMP              r12,#0x80   ;F1BC0F80
  127 000000EC F4BF AFFE 
                       0x00000744
                               BCS              0x0000074E  ;D203
  128 000000F0         
  129 000000F0 EB08 1ACA 
                       0x00000746
                               ADD              r10,r8,r10,LSL #7 ;EB081ACA ; ?
                                                            ??? perdi
  130 000000F4 F80A 900C 
                       0x0000074A
                               STRB             r9,[r10,r12] ;F80A900C
  131 000000F8 1C40    0x0000074E
                               ADDS             r0,r0,#1    ;1C40
  132 000000FA 42A8    0x00000750
                               CMP              r0,r5       ;42A8
  133 000000FC F4FF AFFE 
                       0x00000752



ARM Macro Assembler    Page 5 


                               BCC              0x00000736  ;D3F0
  134 00000100         
  135 00000100 1C5B    0x00000754
                               ADDS             r3,r3,#1    ;1C5B
  136 00000102 42AB    0x00000756
                               CMP              r3,r5       ;42AB
  137 00000104 F4FF AFFE 
                       0x00000758
                               BCC              0x0000072C  ;D3E8
  138 00000108         
  139 00000108 1CE4    0x0000075A
                               ADDS             r4,r4,#3    ;1CE4
  140 0000010A         
  141 0000010A 4429    0x0000075C
                               ADD              r1,r1,r5    ;4429
  142 0000010C EBB1 1F47 
                       0x0000075E
                               CMP              r1,r7,LSL #5 ;EBB11F47
  143 00000110 F4FF AFFE 
                       0x00000762
                               BCC              0x000006E4  ;D3BF
  144 00000114         
  145 00000114 442A    0x00000764
                               ADD              r2,r2,r5    ;442A
  146 00000116 EBB2 1F85 
                       0x00000766
                               CMP              r2,r5,LSL #6 ;EBB21F85
  147 0000011A F4FF AFFE 
                       0x0000076A
                               BCC              0x000006E0  ;D3B9
  148 0000011E         
  149 0000011E BF00            NOP
  150 00000120                 ALIGN
  151 00000120                 END
Command Line: --debug --xref --diag_suppress=9931 --cpu=Cortex-M4.fp --apcs=int
erwork --depend=.\flash\zoom.d -o.\flash\zoom.o -I.\RTE\_TM4C129_Flash -IC:\Kei
l_v5\ARM\PACK\ARM\CMSIS\5.4.0\CMSIS\Core\Include -IC:\Keil_v5\ARM\PACK\ARM\CMSI
S\5.4.0\CMSIS\RTOS\RTX\INC -IC:\Keil_v5\ARM\PACK\Keil\TM4C_DFP\1.1.0\Device\Inc
lude\TM4C129 --predefine="__RTX SETA 1" --predefine="__UVISION_VERSION SETA 526
" --predefine="_RTE_ SETA 1" --predefine="TM4C1294NCPDT SETA 1" --list=.\flash\
zoom.lst zoom.s



ARM Macro Assembler    Page 1 Alphabetic symbol ordering
Relocatable symbols

 00000080

Symbol: 
   Definitions
      None
   Uses
      None
Warning:  undefinedComment:  unused
 00000082

Symbol: 
   Definitions
      None
   Uses
      None
Warning:  undefinedComment:  unused
 0000002A

Symbol: 
   Definitions
      None
   Uses
      None
Warning:  undefinedComment:  unused
 0000002E

Symbol: 
   Definitions
      None
   Uses
      None
Warning:  undefinedComment:  unused
 00000032

Symbol: 
   Definitions
      None
   Uses
      None
Warning:  undefinedComment:  unused
 00000036

Symbol: 
   Definitions
      None
   Uses
      None
Warning:  undefinedComment:  unused
 00000038

Symbol: 
   Definitions
      None
   Uses
      None
Warning:  undefinedComment:  unused
 0000003A

Symbol: 



ARM Macro Assembler    Page 2 Alphabetic symbol ordering
Relocatable symbols

   Definitions
      None
   Uses
      None
Warning:  undefinedComment:  unused
 0000003C

Symbol: 
   Definitions
      None
   Uses
      None
Warning:  undefinedComment:  unused
 00000040

Symbol: 
   Definitions
      None
   Uses
      None
Warning:  undefinedComment:  unused
 00000042

Symbol: 
   Definitions
      None
   Uses
      None
Warning:  undefinedComment:  unused
 0000004C

Symbol: 
   Definitions
      None
   Uses
      None
Warning:  undefinedComment:  unused
 00000050

Symbol: 
   Definitions
      None
   Uses
      None
Warning:  undefinedComment:  unused
 00000052

Symbol: 
   Definitions
      None
   Uses
      None
Warning:  undefinedComment:  unused
 00000056

Symbol: 
   Definitions
      None
   Uses



ARM Macro Assembler    Page 3 Alphabetic symbol ordering
Relocatable symbols

      None
Warning:  undefinedComment:  unused
 0000005A

Symbol: 
   Definitions
      None
   Uses
      None
Warning:  undefinedComment:  unused
 0000005E

Symbol: 
   Definitions
      None
   Uses
      None
Warning:  undefinedComment:  unused
 00000060

Symbol: 
   Definitions
      None
   Uses
      None
Warning:  undefinedComment:  unused
 00000064

Symbol: 
   Definitions
      None
   Uses
      None
Warning:  undefinedComment:  unused
 00000066

Symbol: 
   Definitions
      None
   Uses
      None
Warning:  undefinedComment:  unused
 0000006A

Symbol: 
   Definitions
      None
   Uses
      None
Warning:  undefinedComment:  unused
 0000006C

Symbol: 
   Definitions
      None
   Uses
      None
Warning:  undefinedComment:  unused
 00000070



ARM Macro Assembler    Page 4 Alphabetic symbol ordering
Relocatable symbols


Symbol: 
   Definitions
      None
   Uses
      None
Warning:  undefinedComment:  unused
 00000072

Symbol: 
   Definitions
      None
   Uses
      None
Warning:  undefinedComment:  unused
 0000007C

Symbol: 
   Definitions
      None
   Uses
      None
Warning:  undefinedComment:  unused
 000000CE

Symbol: 
   Definitions
      None
   Uses
      None
Warning:  undefinedComment:  unused
 000000D0

Symbol: 
   Definitions
      None
   Uses
      None
Warning:  undefinedComment:  unused
 00000086

Symbol: 
   Definitions
      None
   Uses
      None
Warning:  undefinedComment:  unused
 0000008A

Symbol: 
   Definitions
      None
   Uses
      None
Warning:  undefinedComment:  unused
 0000008C

Symbol: 
   Definitions



ARM Macro Assembler    Page 5 Alphabetic symbol ordering
Relocatable symbols

      None
   Uses
      None
Warning:  undefinedComment:  unused
 0000008E

Symbol: 
   Definitions
      None
   Uses
      None
Warning:  undefinedComment:  unused
 00000092

Symbol: 
   Definitions
      None
   Uses
      None
Warning:  undefinedComment:  unused
 00000094

Symbol: 
   Definitions
      None
   Uses
      None
Warning:  undefinedComment:  unused
 00000096

Symbol: 
   Definitions
      None
   Uses
      None
Warning:  undefinedComment:  unused
 000000A0

Symbol: 
   Definitions
      None
   Uses
      None
Warning:  undefinedComment:  unused
 000000A2

Symbol: 
   Definitions
      None
   Uses
      None
Warning:  undefinedComment:  unused
 000000A4

Symbol: 
   Definitions
      None
   Uses
      None



ARM Macro Assembler    Page 6 Alphabetic symbol ordering
Relocatable symbols

Warning:  undefinedComment:  unused
 000000A6

Symbol: 
   Definitions
      None
   Uses
      None
Warning:  undefinedComment:  unused
 000000AA

Symbol: 
   Definitions
      None
   Uses
      None
Warning:  undefinedComment:  unused
 000000AC

Symbol: 
   Definitions
      None
   Uses
      None
Warning:  undefinedComment:  unused
 000000AE

Symbol: 
   Definitions
      None
   Uses
      None
Warning:  undefinedComment:  unused
 000000B0

Symbol: 
   Definitions
      None
   Uses
      None
Warning:  undefinedComment:  unused
 000000B4

Symbol: 
   Definitions
      None
   Uses
      None
Warning:  undefinedComment:  unused
 000000B6

Symbol: 
   Definitions
      None
   Uses
      None
Warning:  undefinedComment:  unused
 000000B8




ARM Macro Assembler    Page 7 Alphabetic symbol ordering
Relocatable symbols

Symbol: 
   Definitions
      None
   Uses
      None
Warning:  undefinedComment:  unused
 000000BC

Symbol: 
   Definitions
      None
   Uses
      None
Warning:  undefinedComment:  unused
 000000C0

Symbol: 
   Definitions
      None
   Uses
      None
Warning:  undefinedComment:  unused
 000000C4

Symbol: 
   Definitions
      None
   Uses
      None
Warning:  undefinedComment:  unused
 000000C8

Symbol: 
   Definitions
      None
   Uses
      None
Warning:  undefinedComment:  unused
 000000CA

Symbol: 
   Definitions
      None
   Uses
      None
Warning:  undefinedComment:  unused
 000000F0

Symbol: 
   Definitions
      None
   Uses
      None
Warning:  undefinedComment:  unused
 000000F4

Symbol: 
   Definitions
      None



ARM Macro Assembler    Page 8 Alphabetic symbol ordering
Relocatable symbols

   Uses
      None
Warning:  undefinedComment:  unused
 000000D4

Symbol: 
   Definitions
      None
   Uses
      None
Warning:  undefinedComment:  unused
 000000D8

Symbol: 
   Definitions
      None
   Uses
      None
Warning:  undefinedComment:  unused
 000000DC

Symbol: 
   Definitions
      None
   Uses
      None
Warning:  undefinedComment:  unused
 000000E0

Symbol: 
   Definitions
      None
   Uses
      None
Warning:  undefinedComment:  unused
 000000E4

Symbol: 
   Definitions
      None
   Uses
      None
Warning:  undefinedComment:  unused
 000000E8

Symbol: 
   Definitions
      None
   Uses
      None
Warning:  undefinedComment:  unused
 000000EC

Symbol: 
   Definitions
      None
   Uses
      None
Warning:  undefinedComment:  unused



ARM Macro Assembler    Page 9 Alphabetic symbol ordering
Relocatable symbols

 0000010A

Symbol: 
   Definitions
      None
   Uses
      None
Warning:  undefinedComment:  unused
 0000010C

Symbol: 
   Definitions
      None
   Uses
      None
Warning:  undefinedComment:  unused
 000000F8

Symbol: 
   Definitions
      None
   Uses
      None
Warning:  undefinedComment:  unused
 000000FA

Symbol: 
   Definitions
      None
   Uses
      None
Warning:  undefinedComment:  unused
 000000FC

Symbol: 
   Definitions
      None
   Uses
      None
Warning:  undefinedComment:  unused
 00000100

Symbol: 
   Definitions
      None
   Uses
      None
Warning:  undefinedComment:  unused
 00000102

Symbol: 
   Definitions
      None
   Uses
      None
Warning:  undefinedComment:  unused
 00000104

Symbol: 



ARM Macro Assembler    Page 10 Alphabetic symbol ordering
Relocatable symbols

   Definitions
      None
   Uses
      None
Warning:  undefinedComment:  unused
 00000108

Symbol: 
   Definitions
      None
   Uses
      None
Warning:  undefinedComment:  unused
 00000114

Symbol: 
   Definitions
      None
   Uses
      None
Warning:  undefinedComment:  unused
 00000116

Symbol: 
   Definitions
      None
   Uses
      None
Warning:  undefinedComment:  unused
 00000110

Symbol: 
   Definitions
      None
   Uses
      None
Warning:  undefinedComment:  unused
 0000011A

Symbol: 
   Definitions
      None
   Uses
      None
Warning:  undefinedComment:  unused
.text 00000000

Symbol: .text
   Definitions
      At line 2 in file zoom.s
   Uses
      None
Comment: .text unused
Zoom 00000000

Symbol: Zoom
   Definitions
      At line 12 in file zoom.s
   Uses



ARM Macro Assembler    Page 11 Alphabetic symbol ordering
Relocatable symbols

      At line 4 in file zoom.s
Comment: Zoom used once
74 symbols



ARM Macro Assembler    Page 1 Alphabetic symbol ordering
External symbols

airplane 00000000

Symbol: airplane
   Definitions
      At line 5 in file zoom.s
   Uses
      None
Comment: airplane unused
bus 00000000

Symbol: bus
   Definitions
      At line 6 in file zoom.s
   Uses
      None
Comment: bus unused
limpa_tela 00000000

Symbol: limpa_tela
   Definitions
      At line 8 in file zoom.s
   Uses
      At line 32 in file zoom.s
      At line 44 in file zoom.s
      At line 67 in file zoom.s

matriz 00000000

Symbol: matriz
   Definitions
      At line 7 in file zoom.s
   Uses
      None
Comment: matriz unused
4 symbols
413 symbols in table
